Partition 0: partition_0
Model: HKY+FO+I+G4m
Alignment sites / patterns: 1008 / 218
Gaps: 5.76 %
Invariant sites: 88.19 %
Partition 1: partition_1
Model: HKY+FO+I+G4m
Alignment sites / patterns: 1377 / 238
Gaps: 3.23 %
Invariant sites: 92.81 %
Partition 2: partition_2
Model: HKY+FO+I+G4m
Alignment sites / patterns: 597 / 377
Gaps: 4.07 %
Invariant sites: 46.23 %
Partition 3: partition_3
Model: GTR+FO+G4m
Alignment sites / patterns: 473 / 324
Gaps: 2.99 %
Invariant sites: 38.90 %
Partition 4: partition_4
Model: SYM+G4m
Alignment sites / patterns: 227 / 138
Gaps: 6.37 %
Invariant sites: 46.70 %
Partition 5: partition_5
Model: SYM+I+G4m
Alignment sites / patterns: 209 / 71
Gaps: 1.62 %
Invariant sites: 77.99 %
